
================================================================
======== FXServer Starting - 22/12/2021 1:27:40                 
================================================================
[    c-scripting-core] Creating script environments for _cfx_internal
[ citizen-server-impl] Scanning resources.
[ citizen-server-impl] Found 86 resources.
[          svadhesive] Authenticating server license key...
[          svadhesive] Server license key authentication succeeded. Welcome!
[    c-scripting-core] Creating script environments for sessionmanager
[ citizen-server-impl] Started resource sessionmanager
[    c-scripting-core] Creating script environments for monitor
[      script:monitor] [txAdminClient] Version 4.11.0 starting...
[ citizen-server-impl] Started resource monitor
[              cmdsys] No such command ,-.----..
[              cmdsys] No such command \.
[              cmdsys] No such command :.
[              cmdsys] No such command '..
[              cmdsys] No such command |.
[              cmdsys] No such command |.
[              cmdsys] No such command |.
[              cmdsys] No such command ..
[              cmdsys] No such command _.
[              cmdsys] No such command _.
[              cmdsys] No such command |.
[              cmdsys] No such command |.
[              cmdsys] No such command ..
[              cmdsys] No such command /|.
[              cmdsys] No such command |.
[              cmdsys] No such command /.
[              cmdsys] No such command |.
[              cmdsys] No such command |.
[              cmdsys] No such command \.
[              cmdsys] No such command ||.
[              cmdsys] No such command /|.
[              cmdsys] No such command :.
[              cmdsys] No such command |.
[              cmdsys] [97mNo such command :.
[              cmdsys] No such command |.
[              cmdsys] No such command `---'.
[    c-scripting-core] Creating script environments for mapmanager
[ citizen-server-impl] Started resource mapmanager
[    c-scripting-core] Creating script environments for yarn
[ citizen-server-impl] Started resource yarn
[ citizen-server-impl] Running build tasks on resource webpack - it'll restart once completed.
[    c-resources-core] Could not start dependency webpack for resource chat.
[ citizen-server-impl] Couldn't start resource chat.
[ citizen-server-impl] Started resource spawnmanager
[    c-scripting-core] Creating script environments for hardcap
[ citizen-server-impl] Started resource hardcap
[    c-scripting-core] Creating script environments for mysql-async
[ citizen-server-impl] Started resource mysql-async
[ citizen-server-impl] Started resource bob74_ipl
[ citizen-server-impl] Started resource loadingscreen
[ citizen-server-impl] Started resource simpledrift
[    c-scripting-core] Creating script environments for async
[ citizen-server-impl] Started resource async
[    c-scripting-core] Creating script environments for es_extended
[ citizen-server-impl] Started resource es_extended
[    c-scripting-core] Creating script environments for gcphone
[ citizen-server-impl] Started resource gcphone
[    c-scripting-core] Creating script environments for cron
[ citizen-server-impl] Started resource cron
[    c-scripting-core] Creating script environments for esx_identity
[ citizen-server-impl] Started resource esx_identity
[ citizen-server-impl] Started resource esx_menu_default
[ citizen-server-impl] Started resource esx_menu_dialog
[ citizen-server-impl] Started resource esx_menu_list
[ citizen-server-impl] Started resource skinchanger
[    c-scripting-core] Creating script environments for esx_skin
[ citizen-server-impl] Started resource esx_skin
[    c-scripting-core] Creating script environments for esx_datastore
[ citizen-server-impl] Started resource esx_datastore
[    c-scripting-core] Creating script environments for esx_accessories
[ citizen-server-impl] Started resource esx_accessories
[    c-scripting-core] Creating script environments for esx_addonaccount
[ citizen-server-impl] Started resource esx_addonaccount
[    c-scripting-core] Creating script environments for esx_addoninventory
[ citizen-server-impl] Started resource esx_addoninventory
[    c-scripting-core] Creating script environments for esx_vehicleshop
[      script:gcphone] = INFO = Registered number for cardealer => Dealer customers
[ citizen-server-impl] Started resource esx_vehicleshop
[    c-scripting-core] Creating script environments for esx_ambulancejob
[      script:gcphone] = INFO = Registered number for ambulance => Alert Ambulance
[ citizen-server-impl] Started resource esx_ambulancejob
[ citizen-server-impl] Started resource esx_animations
[    c-scripting-core] Creating script environments for esx_atm
[ citizen-server-impl] Started resource esx_atm
[    c-scripting-core] Creating script environments for esx_bankerjob
[      script:gcphone] = INFO = Registered number for banker => bank Customer
[ citizen-server-impl] Started resource esx_bankerjob
[    c-scripting-core] Creating script environments for esx_barbershop
[ citizen-server-impl] Started resource esx_barbershop
[    c-scripting-core] Creating script environments for esx_status
[ citizen-server-impl] Started resource esx_status
[    c-scripting-core] Creating script environments for esx_basicneeds
[ citizen-server-impl] Started resource esx_basicneeds
[    c-scripting-core] Creating script environments for esx_billing
[ citizen-server-impl] Started resource esx_billing
[    c-scripting-core] Creating script environments for esx_boat
[ citizen-server-impl] Started resource esx_boat
[    c-scripting-core] Creating script environments for esx_clotheshop
[ citizen-server-impl] Started resource esx_clotheshop
[ citizen-server-impl] Started resource esx_cruisecontrol
[    c-scripting-core] Creating script environments for esx_license
[ citizen-server-impl] Started resource esx_license
[    c-scripting-core] Creating script environments for esx_dmvschool
[ citizen-server-impl] Started resource esx_dmvschool
[    c-scripting-core] Creating script environments for esx_drugs
[ citizen-server-impl] [0mStarted resource esx_drugs
[    c-scripting-core] Creating script environments for esx_garage
[ citizen-server-impl] Started resource esx_garage
[    c-scripting-core] Creating script environments for esx_holdup
[ citizen-server-impl] Started resource esx_holdup
[    c-scripting-core] Creating script environments for esx_joblisting
[ citizen-server-impl] Started resource esx_joblisting
[    c-scripting-core] Creating script environments for esx_jobs
[ citizen-server-impl] Started resource esx_jobs
[    c-scripting-core] Creating script environments for esx_lscustom
[ citizen-server-impl] Started resource esx_lscustom
[    c-scripting-core] Creating script environments for esx_society
[ citizen-server-impl] Started resource esx_society
[    c-scripting-core] Creating script environments for esx_mechanicjob
[      script:gcphone] = INFO = Registered number for mechanic => Mechanic Customer
[ citizen-server-impl] Started resource esx_mechanicjob
[    c-scripting-core] Creating script environments for esx_multicharacter
[ citizen-server-impl] Started resource esx_multicharacter
[    c-scripting-core] Creating script environments for esx_optionalneeds
[ citizen-server-impl] Started resource esx_optionalneeds
[    c-scripting-core] Creating script environments for esx_policejob
[      script:gcphone] = INFO = Registered number for police => Police alert
[ citizen-server-impl] Started resource esx_policejob
[    c-scripting-core] Creating script environments for instance
[ citizen-server-impl] Started resource instance
[    c-scripting-core] Creating script environments for esx_property
[ citizen-server-impl] Started resource esx_property
[    c-scripting-core] Creating script environments for esx_realestateagentjob
[      script:gcphone] = INFO = Registered number for realestateagent => Clients
[ citizen-server-impl] Started resource esx_realestateagentjob
[    c-scripting-core] Creating script environments for esx_rpchat
[ citizen-server-impl] Started resource esx_rpchat
[    c-scripting-core] Creating script environments for esx_service
[ citizen-server-impl] Started resource esx_service
[    c-scripting-core] Creating script environments for esx_shops
[ citizen-server-impl] Started resource esx_shops
[    c-scripting-core] Creating script environments for esx_sit
[ citizen-server-impl] Started resource esx_sit
[    c-scripting-core] Creating script environments for esx_taxijob
[      script:gcphone] = INFO = Registered number for taxi => Taxi Client
[ citizen-server-impl] Started resource esx_taxijob
[    c-scripting-core] Creating script environments for esx_weaponshop
[ citizen-server-impl] Started resource esx_weaponshop
[ citizen-server-impl] Started resource cosmo_hud
[    c-scripting-core] Creating script environments for shotspotter
[ citizen-server-impl] Started resource shotspotter
[    c-scripting-core] Creating script environments for mdt
[ citizen-server-impl] Started resource mdt
[    c-scripting-core] Creating script environments for pma-voice
[ citizen-server-impl] Started resource pma-voice
[ citizen-server-impl] Started resource rp-radio
[    c-scripting-core] Creating script environments for vSync
[ citizen-server-impl] Started resource vSync
[    c-scripting-core] Creating script environments for EasyAdmin
[ citizen-server-impl] Started resource EasyAdmin
[         script:yarn] [yarn] yarn install v1.22.5
[         script:yarn] [1/4] Resolving packages...
[         script:yarn] [2/4] Fetching packages...
[         script:yarn] 
[  script:mysql-async] [mysql-async] [SUCCESS] Database server connection established.
[      script:monitor] [txAdminClient] Threads and commands set up. All Ready.
[  script:mysql-async] [mysql-async] [INFO] [es_extended] Stored [0] : UPDATE users SET `accounts` = ?, `job` = ?, `job_grade` = ?, `group` = ?, `position` = ?, `inventory` = ?, `loadout` = ? WHERE `identifier` = ?
[  script:mysql-async] [mysql-async] [INFO] [es_extended] Stored [1] : INSERT INTO `users` SET `accounts` = ?, `identifier` = ?, `group` = ?, `firstname` = ?, `lastname` = ?, `dateofbirth` = ?, `sex` = ?, `height` = ?
[  script:mysql-async] [mysql-async] [INFO] [es_extended] Stored [2] : SELECT `accounts`, `job`, `job_grade`, `group`, `position`, `inventory`, `skin`, `loadout`, `firstname`, `lastname`, `dateofbirth`, `sex`, `height` FROM `users` WHERE identifier = ?
[    script:EasyAdmin] 
[    script:EasyAdmin]  _______ _______ _______ __   __ _______ ______  _______ _____ __   _
[    script:EasyAdmin]  |______ |_____| |______   \_/   |_____| |     \ |  |  |   |   | \  |
[    script:EasyAdmin]  |______ |     | ______|    |    |     | |_____/ |  |  | __|__ |  \_|
[    script:EasyAdmin]                            Version 6.202
[ citizen-server-impl] server thread hitch warning: timer interval of 1344 milliseconds
[  script:mysql-async] [MariaDB:10.6.5-MariaDB] [WARNING] [es_extended] [1359ms] SELECT * FROM items : []
[  script:mysql-async] [MariaDB:10.6.5-MariaDB] [WARNING] [es_extended] [1361ms] SELECT * FROM jobs : []
[  script:mysql-async] [MariaDB:10.6.5-MariaDB] [WARNING] [esx_addoninventory] [1357ms] SELECT * FROM items : []
[  script:mysql-async] [MariaDB:10.6.5-MariaDB] [WARNING] [esx_joblisting] [1355ms] SELECT name, label FROM jobs WHERE whitelisted = ? : [false]
[  script:mysql-async] [MariaDB:10.6.5-MariaDB] [WARNING] [esx_society] [1360ms] SELECT * FROM jobs : []
[  script:mysql-async] [0m[MariaDB:10.6.5-MariaDB] [WARNING] [esx_datastore] [1369ms] SELECT * FROM datastore : []
[  script:mysql-async] [33m[MariaDB:10.6.5-MariaDB] [WARNING] [esx_vehicleshop] [1368ms] SELECT * FROM `vehicle_categories` : []
[  script:mysql-async] [MariaDB:10.6.5-MariaDB] [WARNING] [esx_addonaccount] [1376ms] SELECT * FROM addon_account : []
[  script:mysql-async] [MariaDB:10.6.5-MariaDB] [WARNING] [esx_boat] [1374ms] UPDATE owned_vehicles SET `stored` = true WHERE `stored` = false AND type = ? : ["boat"]
[  script:mysql-async] [MariaDB:10.6.5-MariaDB] [WARNING] [esx_weaponshop] [1408ms] SELECT * FROM weashops : []
[  script:es_extended] [INFO] ESX [36mLegacy initialized
[ citizen-server-impl]         fff                          
[ citizen-server-impl]   cccc ff   xx  xx     rr rr    eee  
[ citizen-server-impl] cc     ffff   xx       rrr  r ee   e 
[ citizen-server-impl] cc     ff     xx   ... rr     eeeee  
[ citizen-server-impl]  ccccc ff   xx  xx ... rr      eeeee 
[ citizen-server-impl]                                      
[ citizen-server-impl] Authenticated with cfx.re Nucleus: https://isalexhere-y9o45k.users.cfx.re/
[    script:EasyAdmin] 
[    script:EasyAdmin] --------------------------------------------------------------------------
[    script:EasyAdmin] 
[    script:EasyAdmin] EasyAdmin (EasyAdmin) is outdated.
[    script:EasyAdmin] Newest Version: 6.34
[    script:EasyAdmin] Your Version: 6.202
[    script:EasyAdmin] Please update it from https://github.com/Blumlaut/EasyAdmin
[    script:EasyAdmin] 
[    script:EasyAdmin] Update Changelog:
[    script:EasyAdmin] Your Version is unsupported and may no longer function properly in the near future, please update as soon as possible.
[    script:EasyAdmin] 
[    script:EasyAdmin] --------------------------------------------------------------------------
[ citizen-server-impl] [91m-- [server notice: tebex_not_set]
[ citizen-server-impl] ================
[ citizen-server-impl] Monetize your server using Tebex! Visit https://tebex.io/fivem for more info.
[ citizen-server-impl] ================
[ citizen-server-impl] 
[  script:mysql-async] [MariaDB:10.6.5-MariaDB] [WARNING] [esx_multicharacter] [1789ms] SELECT `TABLE_NAME`, `COLUMN_NAME`, `CHARACTER_MAXIMUM_LENGTH` FROM INFORMATION_SCHEMA.COLUMNS WHERE TABLE_SCHEMA = ? AND (COLUMN_NAME = ? OR COLUMN_NAME = ?)  : ["RS-BASE","identifier","owner"]
[  script:mysql-async] [mysql-async] [INFO] [esx_multicharacter] Stored [3] : SELECT `identifier`, `accounts`, `job`, `job_grade`, `firstname`, `lastname`, `dateofbirth`, `sex`, `skin` FROM `users` WHERE identifier LIKE ? LIMIT ?
[         script:yarn] [0m[yarn] info fsevents@2.3.1: The platform "win32" is incompatible with this module.
[         script:yarn] 
[         script:yarn] [yarn] info "fsevents@2.3.1" is an optional dependency and failed compatibility check. Excluding it from installation.
[         script:yarn] 
[         script:yarn] [yarn] info fsevents@1.2.13: The platform "win32" is incompatible with this module.
[         script:yarn] info "fsevents@1.2.13" is an optional dependency and failed compatibility check. Excluding it from installation.
[         script:yarn] 
[         script:yarn] [0m[yarn] [3/4] Linking dependencies...
[         script:yarn] 
[         script:yarn] [yarn] [4/4] Building fresh packages...
[         script:yarn] 
[         script:yarn] Error: [yarn] warning Ignored scripts due to flag.
[         script:yarn] 
[         script:yarn] [yarn] Done in 13.54s.
[         script:yarn] 
[ citizen-server-impl] Build tasks completed - starting resource webpack.
[    c-scripting-core] Creating script environments for webpack
[ citizen-server-impl] Running build tasks on resource chat - it'll restart once completed.
[ citizen-server-impl] Started resource webpack
[         script:yarn] [yarn] yarn install v1.22.5
[         script:yarn] 
[         script:yarn] [yarn] [1/4] Resolving packages...
[         script:yarn] 
[         script:yarn] [yarn] [2/4] Fetching packages...
[         script:yarn] [0m
[         script:yarn] [yarn] info fsevents@1.2.11: The platform "win32" is incompatible with this module.
[         script:yarn] 
[         script:yarn] [yarn] info "fsevents@1.2.11" is an optional dependency and failed compatibility check. Excluding it from installation.
[         script:yarn] 
[         script:yarn] [yarn] [3/4] Linking dependencies...
[         script:yarn] 
[         script:yarn] [yarn] [4/4] Building fresh packages...
[         script:yarn] 
[         script:yarn] Error: [yarn] warning Ignored scripts due to flag.
[         script:yarn] 
[         script:yarn] [yarn] Done in 32.20s.
[         script:yarn] 
[      script:webpack] chat: started building webpack.config.js
[ citizen-server-impl] server thread hitch warning: timer interval of 1093 milliseconds
[      script:webpack] chat: built webpack.config.js
[ citizen-server-impl] Build tasks completed - starting resource chat.
[    c-scripting-core] Creating script environments for chat
[ citizen-server-impl] Started resource chat
> setr "txAdmin-locale" "es"
> set "txAdmin-localeFile" "C:\Users\AlexJ\OneDrive\Escritorio\RS-BASE\RS-BASE\txData\locale.json"
> setr "txAdmin-verbose" "false"
> set "txAdmin-checkPlayerJoin" "true"
> set "txAdmin-menuAlignRight" "false"
> set "txAdmin-menuPageKey" "Tab"
> txaEvent "configChanged" "{}"
[ citizen-server-impl] Server list query returned an error: System.Threading.Tasks.TaskCanceledException: The operation was canceled. <- System.TimeoutException: The operation was canceled. <- System.Threading.Tasks.TaskCanceledException: The request was canceled due to the configured HttpClient.Timeout of 30 seconds elapsing.
[ citizen-server-impl] Server list query returned an error: System.Threading.Tasks.TaskCanceledException: The operation was canceled. <- System.TimeoutException: The operation was canceled. <- System.Threading.Tasks.TaskCanceledException: The request was canceled due to the configured HttpClient.Timeout of 30 seconds elapsing.
> quit "Reiniciando Servidor (iSAlexHere)."
[ citizen-server-main] -> Quitting: Reiniciando Servidor (iSAlexHere).

================================================================
======== FXServer Starting - 22/12/2021 1:36:18                 
================================================================
[    c-scripting-core] Creating script environments for _cfx_internal
[ citizen-server-impl] Scanning resources.
[ citizen-server-impl] Found 87 resources.
[          svadhesive] Authenticating server license key...
[          svadhesive] Server license key authentication succeeded. Welcome!
[    c-scripting-core] Creating script environments for sessionmanager
[ citizen-server-impl] Started resource sessionmanager
[    c-scripting-core] Creating script environments for monitor
[      script:monitor] [txAdminClient] Version 4.11.0 starting...
[ citizen-server-impl] Started resource monitor
[              cmdsys] No such command ,-.----..
[              cmdsys] No such command \.
[              cmdsys] No such command :.
[              cmdsys] No such command '..
[              cmdsys] No such command |.
[              cmdsys] No such command |.
[              cmdsys] No such command |.
[              cmdsys] No such command ..
[              cmdsys] No such command _.
[              cmdsys] No such command _.
[              cmdsys] No such command |.
[              cmdsys] No such command |.
[              cmdsys] No such command ..
[              cmdsys] No such command /|.
[              cmdsys] No such command |.
[              cmdsys] No such command /.
[              cmdsys] No such command |.
[              cmdsys] No such command |.
[              cmdsys] No such command \.
[              cmdsys] No such command ||.
[              cmdsys] No such command /|.
[              cmdsys] No such command :.
[              cmdsys] No such command |.
[              cmdsys] No such command :.
[              cmdsys] No such command |.
[              cmdsys] No such command `---'.
[    c-scripting-core] Creating script environments for mapmanager
[ citizen-server-impl] Started resource mapmanager
[    c-scripting-core] Creating script environments for chat
> quit "Apagando el servidor: (iSAlexHere)."

================================================================
======== FXServer Starting - 22/12/2021 1:38:02                 
================================================================
[    c-scripting-core] Creating script environments for _cfx_internal
[ citizen-server-impl] Scanning resources.
[ citizen-server-impl] Found 87 resources.
[          svadhesive] Authenticating server license key...
[          svadhesive] Server license key authentication succeeded. Welcome!
[    c-scripting-core] Creating script environments for sessionmanager
[ citizen-server-impl] Started resource sessionmanager
[    c-scripting-core] Creating script environments for monitor
[      script:monitor] [txAdminClient] Version 4.11.0 starting...
[ citizen-server-impl] Started resource monitor
[              cmdsys] [97mNo such command ,-.----..
[              cmdsys] No such command \.
[              cmdsys] No such command :.
[              cmdsys] No such command '..
[              cmdsys] No such command |.
[              cmdsys] No such command |.
[              cmdsys] No such command |.
[              cmdsys] No such command ..
[              cmdsys] No such command _.
[38;5;78m[              cmdsys] No such command _.
[              cmdsys] No such command |.
[              cmdsys] No such command |.
[              cmdsys] No such command ..
[              cmdsys] No such command /|.
[              cmdsys] No such command |.
[              cmdsys] No such command /.
[              cmdsys] No such command |.
[              cmdsys] No such command |.
[              cmdsys] No such command \.
[              cmdsys] No such command ||.
[              cmdsys] No such command /|.
[              cmdsys] No such command :.
[              cmdsys] No such command |.
[              cmdsys] No such command :.
[              cmdsys] No such command |.
[              cmdsys] No such command `---'.
[    c-scripting-core] Creating script environments for mapmanager
[ citizen-server-impl] Started resource mapmanager
[    c-scripting-core] Creating script environments for chat
[ citizen-server-impl] Started resource chat
[ citizen-server-impl] Started resource spawnmanager
[    c-scripting-core] Creating script environments for hardcap
[ citizen-server-impl] Started resource hardcap
[    c-scripting-core] Creating script environments for mysql-async
[ citizen-server-impl] Started resource mysql-async
[ citizen-server-impl] Started resource bob74_ipl
[ citizen-server-impl] Started resource loadingscreen
[ citizen-server-impl] Started resource simpledrift
[    c-scripting-core] Creating script environments for async
[ citizen-server-impl] Started resource async
[    c-scripting-core] Creating script environments for es_extended
[ citizen-server-impl] Started resource es_extended
[    c-scripting-core] Creating script environments for gcphone
[ citizen-server-impl] Started resource gcphone
[    c-scripting-core] Creating script environments for cron
[ citizen-server-impl] Started resource cron
[    c-scripting-core] Creating script environments for esx_identity
[ citizen-server-impl] Started resource esx_identity
[ citizen-server-impl] Started resource esx_menu_default
[ citizen-server-impl] Started resource esx_menu_dialog
[ citizen-server-impl] Started resource esx_menu_list
[ citizen-server-impl] Started resource skinchanger
[    c-scripting-core] Creating script environments for esx_skin
[ citizen-server-impl] Started resource esx_skin
[    c-scripting-core] Creating script environments for esx_datastore
[ citizen-server-impl] Started resource esx_datastore
[    c-scripting-core] Creating script environments for esx_accessories
[ citizen-server-impl] Started resource esx_accessories
[    c-scripting-core] Creating script environments for esx_addonaccount
[ citizen-server-impl] Started resource esx_addonaccount
[    c-scripting-core] Creating script environments for esx_addoninventory
[ citizen-server-impl] Started resource esx_addoninventory
[    c-scripting-core] Creating script environments for esx_vehicleshop
[      script:gcphone] = INFO = Registered number for cardealer => Dealer customers
[ citizen-server-impl] Started resource esx_vehicleshop
[    c-scripting-core] Creating script environments for esx_ambulancejob
[      script:gcphone] = INFO = Registered number for ambulance => Alert Ambulance
[ citizen-server-impl] Started resource esx_ambulancejob
[    c-scripting-core] Creating script environments for esx_atm
[ citizen-server-impl] Started resource esx_atm
[    c-scripting-core] Creating script environments for esx_bankerjob
[      script:gcphone] = INFO = Registered number for banker => bank Customer
[ citizen-server-impl] Started resource esx_bankerjob
[    c-scripting-core] Creating script environments for esx_barbershop
[ citizen-server-impl] Started resource esx_barbershop
[    c-scripting-core] Creating script environments for esx_status
[ citizen-server-impl] Started resource esx_status
[    c-scripting-core] Creating script environments for esx_basicneeds
[ citizen-server-impl] Started resource esx_basicneeds
[    c-scripting-core] Creating script environments for esx_billing
[ citizen-server-impl] Started resource esx_billing
[    c-scripting-core] [97mCreating script environments for esx_boat
[ citizen-server-impl] Started resource esx_boat
[    c-scripting-core] Creating script environments for esx_clotheshop
[ citizen-server-impl] Started resource esx_clotheshop
[ citizen-server-impl] Started resource esx_cruisecontrol
[    c-scripting-core] Creating script environments for esx_license
[ citizen-server-impl] Started resource esx_license
[    c-scripting-core] Creating script environments for esx_dmvschool
[ citizen-server-impl] Started resource esx_dmvschool
[    c-scripting-core] Creating script environments for esx_drugs
[ citizen-server-impl] Started resource esx_drugs
[    c-scripting-core] Creating script environments for esx_garage
[ citizen-server-impl] Started resource esx_garage
[    c-scripting-core] Creating script environments for esx_holdup
[ citizen-server-impl] Started resource esx_holdup
[    c-scripting-core] Creating script environments for esx_joblisting
[ citizen-server-impl] Started resource esx_joblisting
[    c-scripting-core] Creating script environments for esx_jobs
[ citizen-server-impl] Started resource esx_jobs
[    c-scripting-core] Creating script environments for esx_lscustom
[ citizen-server-impl] Started resource esx_lscustom
[    c-scripting-core] Creating script environments for esx_society
[ citizen-server-impl] Started resource esx_society
[    c-scripting-core] Creating script environments for esx_mechanicjob
[      script:gcphone] = INFO = Registered number for mechanic => Mechanic Customer
[ citizen-server-impl] Started resource esx_mechanicjob
[    c-scripting-core] [97mCreating script environments for esx_multicharacter
[ citizen-server-impl] Started resource esx_multicharacter
[    c-scripting-core] Creating script environments for esx_optionalneeds
[ citizen-server-impl] Started resource esx_optionalneeds
[    c-scripting-core] Creating script environments for esx_policejob
[      script:gcphone] = INFO = Registered number for police => Police alert
[38;5;73m[ citizen-server-impl] Started resource esx_policejob
[    c-scripting-core] Creating script environments for instance
[ citizen-server-impl] Started resource instance
[    c-scripting-core] Creating script environments for esx_property
[ citizen-server-impl] Started resource esx_property
[    c-scripting-core] Creating script environments for esx_realestateagentjob
[      script:gcphone] = INFO = Registered number for realestateagent => Clients
[ citizen-server-impl] Started resource esx_realestateagentjob
[    c-scripting-core] Creating script environments for esx_rpchat
[ citizen-server-impl] Started resource esx_rpchat
[    c-scripting-core] [97mCreating script environments for esx_service
[ citizen-server-impl] Started resource esx_service
[    c-scripting-core] Creating script environments for esx_shops
[ citizen-server-impl] Started resource esx_shops
[    c-scripting-core] [97mCreating script environments for esx_sit
[ citizen-server-impl] Started resource esx_sit
[    c-scripting-core] Creating script environments for esx_taxijob
[      script:gcphone] = INFO = Registered number for taxi => Taxi Client
[ citizen-server-impl] Started resource esx_taxijob
[    c-scripting-core] Creating script environments for esx_weaponshop
[ citizen-server-impl] Started resource esx_weaponshop
[    c-scripting-core] Creating script environments for anims
[ citizen-server-impl] Started resource anims
[ citizen-server-impl] Started resource cosmo_hud
[    c-scripting-core] Creating script environments for j-fps
[ citizen-server-impl] Started resource j-fps
[    c-scripting-core] Creating script environments for shotspotter
[ citizen-server-impl] Started resource shotspotter
[    c-scripting-core] Creating script environments for mdt
[ citizen-server-impl] Started resource mdt
[    c-scripting-core] Creating script environments for pma-voice
[ citizen-server-impl] Started resource pma-voice
[ citizen-server-impl] Started resource rp-radio
[    c-scripting-core] Creating script environments for vSync
[ citizen-server-impl] Started resource vSync
[    c-scripting-core] Creating script environments for EasyAdmin
[ citizen-server-impl] Started resource EasyAdmin
[  script:mysql-async] [mysql-async] [SUCCESS] Database server connection established.
[        script:anims] Anims are updated!
[      script:monitor] [txAdminClient] Threads and commands set up. All Ready.
[  script:mysql-async] [mysql-async] [INFO] [es_extended] Stored [0] : UPDATE users SET `accounts` = ?, `job` = ?, `job_grade` = ?, `group` = ?, `position` = ?, `inventory` = ?, `loadout` = ? WHERE `identifier` = ?
[  script:mysql-async] [mysql-async] [INFO] [es_extended] Stored [1] : INSERT INTO `users` SET `accounts` = ?, `identifier` = ?, `group` = ?, `firstname` = ?, `lastname` = ?, `dateofbirth` = ?, `sex` = ?, `height` = ?
[  script:mysql-async] [mysql-async] [INFO] [es_extended] Stored [2] : SELECT `accounts`, `job`, `job_grade`, `group`, `position`, `inventory`, `skin`, `loadout`, `firstname`, `lastname`, `dateofbirth`, `sex`, `height` FROM `users` WHERE identifier = ?
[    script:EasyAdmin] 
[    script:EasyAdmin]  _______ _______ _______ __   __ _______ ______  _______ _____ __   _
[    script:EasyAdmin]  |______ |_____| |______   \_/   |_____| |     \ |  |  |   |   | \  |
[    script:EasyAdmin]  |______ |     | ______|    |    |     | |_____/ |  |  | __|__ |  \_|
[    script:EasyAdmin]                            Version 6.202
[ citizen-server-impl] server thread hitch warning: timer interval of 635 milliseconds
[  script:mysql-async] [MariaDB:10.6.5-MariaDB] [WARNING] [es_extended] [630ms] SELECT * FROM items : []
[  script:mysql-async] [MariaDB:10.6.5-MariaDB] [WARNING] [esx_weaponshop] [626ms] SELECT * FROM weashops : []
[  script:mysql-async] [MariaDB:10.6.5-MariaDB] [WARNING] [es_extended] [635ms] SELECT * FROM jobs : []
[  script:mysql-async] [MariaDB:10.6.5-MariaDB] [WARNING] [esx_datastore] [635ms] SELECT * FROM datastore : []
[  script:mysql-async] [MariaDB:10.6.5-MariaDB] [WARNING] [esx_addonaccount] [634ms] SELECT * FROM addon_account : []
[  script:mysql-async] [MariaDB:10.6.5-MariaDB] [WARNING] [esx_addoninventory] [634ms] SELECT * FROM items : []
[  script:mysql-async] [MariaDB:10.6.5-MariaDB] [WARNING] [esx_vehicleshop] [633ms] SELECT * FROM `vehicle_categories` : []
[  script:mysql-async] [MariaDB:10.6.5-MariaDB] [WARNING] [esx_boat] [633ms] UPDATE owned_vehicles SET `stored` = true WHERE `stored` = false AND type = ? : ["boat"]
[  script:mysql-async] [MariaDB:10.6.5-MariaDB] [WARNING] [esx_joblisting] [634ms] SELECT name, label FROM jobs WHERE whitelisted = ? : [false]
[  script:mysql-async] [MariaDB:10.6.5-MariaDB] [WARNING] [esx_society] [634ms] SELECT * FROM jobs : []
[  script:mysql-async] [MariaDB:10.6.5-MariaDB] [WARNING] [esx_multicharacter] [640ms] SELECT `TABLE_NAME`, `COLUMN_NAME`, `CHARACTER_MAXIMUM_LENGTH` FROM INFORMATION_SCHEMA.COLUMNS WHERE TABLE_SCHEMA = ? AND (COLUMN_NAME = ? OR COLUMN_NAME = ?)  : ["RS-BASE","identifier","owner"]
[    script:EasyAdmin] 
[    script:EasyAdmin] --------------------------------------------------------------------------
[    script:EasyAdmin] 
[    script:EasyAdmin] EasyAdmin (EasyAdmin) is outdated.
[    script:EasyAdmin] Newest Version: 6.34
[    script:EasyAdmin] Your Version: 6.202
[    script:EasyAdmin] Please update it from https://github.com/Blumlaut/EasyAdmin
[    script:EasyAdmin] 
[    script:EasyAdmin] Update Changelog:
[    script:EasyAdmin] Your Version is unsupported and may no longer function properly in the near future, please update as soon as possible.
[    script:EasyAdmin] 
[    script:EasyAdmin] --------------------------------------------------------------------------
[  script:es_extended] [INFO] ESX Legacy initialized
[ citizen-server-impl]         fff                          
[ citizen-server-impl]   cccc ff   xx  xx     rr rr    eee  
[ citizen-server-impl] cc     ffff   xx       rrr  r ee   e 
[ citizen-server-impl] cc     ff     xx   ... rr     eeeee  
[ citizen-server-impl]  ccccc ff   xx  xx ... rr      eeeee 
[ citizen-server-impl]                                      
[ citizen-server-impl] Authenticated with cfx.re Nucleus: https://isalexhere-y9o45k.users.cfx.re/
[ citizen-server-impl] -- [server notice: tebex_not_set]
[ citizen-server-impl] ================
[ citizen-server-impl] Monetize your server using Tebex! Visit https://tebex.io/fivem for more info.
[ citizen-server-impl] ================
[ citizen-server-impl] 
[  script:mysql-async] [mysql-async] [INFO] [esx_multicharacter] Stored [3] : SELECT `identifier`, `accounts`, `job`, `job_grade`, `firstname`, `lastname`, `dateofbirth`, `sex`, `skin` FROM `users` WHERE identifier LIKE ? LIMIT ?
[      script:hardcap] Connecting: iSAlexHere
[ citizen-server-impl] Server list query returned an error: System.Threading.Tasks.TaskCanceledException: The operation was canceled. <- System.TimeoutException: The operation was canceled. <- System.Threading.Tasks.TaskCanceledException: The request was canceled due to the configured HttpClient.Timeout of 30 seconds elapsing.
[ script:esx_identity] Un jugador se ha registrado ( No exploit detectado )	table: 0000025CEF71E6E0	table: 0000025CEF71D7E0
[    c-scripting-core] InvokeNative: execution failed: Argument at index 1 was null.
[ script:esx_identity] SCRIPT ERROR: Execution of native 000000002f7a49e6 in script host failed: Argument at index 1 was null.
[ script:esx_identity] > [global chunk] (TriggerClientEventInternal.lua:3)
[ script:esx_identity] > callback (@esx_identity/server/main.lua:91)
[ script:esx_identity] > ref (@esx_identity/server/main.lua:47)
[ script:esx_identity] > <unknown> (@mysql-async/mysql-async.js:15543)
[  script:mysql-async] 
[     script:esx_skin] SCRIPT ERROR: @esx_skin/server/main.lua:10: attempt to index a nil value (local 'xPlayer')
[ citizen-server-impl] Server list query returned an error: System.Threading.Tasks.TaskCanceledException: The operation was canceled. <- System.TimeoutException: The operation was canceled. <- System.Threading.Tasks.TaskCanceledException: The request was canceled due to the configured HttpClient.Timeout of 30 seconds elapsing.
> quit "Reiniciando Servidor (iSAlexHere)."
[ citizen-server-main] -> Quitting: Reiniciando Servidor (iSAlexHere).

================================================================
======== FXServer Starting - 22/12/2021 1:41:28                 
================================================================
[    c-scripting-core] Creating script environments for _cfx_internal
[ citizen-server-impl] Scanning resources.
[ citizen-server-impl] Found 86 resources.
[          svadhesive] Authenticating server license key...
[          svadhesive] Server license key authentication succeeded. Welcome!
[    c-scripting-core] Creating script environments for sessionmanager
[ citizen-server-impl] Started resource sessionmanager
[    c-scripting-core] Creating script environments for monitor
[      script:monitor] [txAdminClient] Version 4.11.0 starting...
[ citizen-server-impl] Started resource monitor
[              cmdsys] No such command ,-.----..
[              cmdsys] No such command \.
[              cmdsys] No such command :.
[              cmdsys] No such command '..
[              cmdsys] No such command |.
[              cmdsys] [0mNo such command |.
[              cmdsys] No such command |.
[              cmdsys] No such command ..
[              cmdsys] No such command _.
[              cmdsys] No such command _.
[              cmdsys] No such command |.
[              cmdsys] No such command |.
[              cmdsys] No such command ..
[              cmdsys] No such command /|.
[              cmdsys] No such command |.
[              cmdsys] No such command /.
[              cmdsys] No such command |.
[              cmdsys] No such command |.
[              cmdsys] No such command \.
[              cmdsys] No such command ||.
[              cmdsys] No such command /|.
[              cmdsys] No such command :.
[              cmdsys] No such command |.
[              cmdsys] No such command :.
[              cmdsys] No such command |.
[              cmdsys] No such command `---'.
[    c-scripting-core] Creating script environments for mapmanager
[ citizen-server-impl] Started resource mapmanager
[    c-scripting-core] Creating script environments for chat
[ citizen-server-impl] Started resource chat
[ citizen-server-impl] Started resource spawnmanager
[    c-scripting-core] Creating script environments for hardcap
[ citizen-server-impl] [97mStarted resource hardcap
[    c-scripting-core] Creating script environments for mysql-async
[ citizen-server-impl] Started resource mysql-async
[ citizen-server-impl] Started resource bob74_ipl
[ citizen-server-impl] Started resource loadingscreen
[ citizen-server-impl] Started resource simpledrift
[    c-scripting-core] Creating script environments for async
[ citizen-server-impl] Started resource async
[    c-scripting-core] Creating script environments for es_extended
[ citizen-server-impl] Started resource es_extended
[    c-scripting-core] Creating script environments for gcphone
[ citizen-server-impl] Started resource gcphone
[    c-scripting-core] Creating script environments for cron
[ citizen-server-impl] Started resource cron
[    c-scripting-core] Creating script environments for esx_identity
[ citizen-server-impl] Started resource esx_identity
[ citizen-server-impl] Started resource esx_menu_default
[ citizen-server-impl] Started resource esx_menu_dialog
[ citizen-server-impl] Started resource esx_menu_list
[ citizen-server-impl] Started resource skinchanger
[    c-scripting-core] Creating script environments for esx_skin
[ citizen-server-impl] Started resource esx_skin
[    c-scripting-core] Creating script environments for esx_datastore
[ citizen-server-impl] Started resource esx_datastore
[    c-scripting-core] Creating script environments for esx_accessories
[ citizen-server-impl] Started resource esx_accessories
[    c-scripting-core] Creating script environments for esx_addonaccount
[ citizen-server-impl] Started resource esx_addonaccount
[    c-scripting-core] Creating script environments for esx_addoninventory
[ citizen-server-impl] Started resource esx_addoninventory
[    c-scripting-core] Creating script environments for esx_vehicleshop
[      script:gcphone] = INFO = Registered number for cardealer => Dealer customers
[ citizen-server-impl] Started resource esx_vehicleshop
[    c-scripting-core] Creating script environments for esx_ambulancejob
[      script:gcphone] = INFO = Registered number for ambulance => Alert Ambulance
[ citizen-server-impl] Started resource esx_ambulancejob
[    c-scripting-core] Creating script environments for esx_atm
[ citizen-server-impl] Started resource esx_atm
[    c-scripting-core] Creating script environments for esx_bankerjob
[      script:gcphone] = INFO = Registered number for banker => bank Customer
[ citizen-server-impl] Started resource esx_bankerjob
[    c-scripting-core] Creating script environments for esx_barbershop
[ citizen-server-impl] Started resource esx_barbershop
[    c-scripting-core] Creating script environments for esx_status
[ citizen-server-impl] Started resource esx_status
[    c-scripting-core] Creating script environments for esx_basicneeds
[ citizen-server-impl] Started resource esx_basicneeds
[    c-scripting-core] Creating script environments for esx_billing
[ citizen-server-impl] Started resource esx_billing
[    c-scripting-core] Creating script environments for esx_boat
[ citizen-server-impl] Started resource esx_boat
[    c-scripting-core] Creating script environments for esx_clotheshop
[ citizen-server-impl] Started resource esx_clotheshop
[ citizen-server-impl] Started resource esx_cruisecontrol
[    c-scripting-core] Creating script environments for esx_license
[ citizen-server-impl] Started resource esx_license
[    c-scripting-core] Creating script environments for esx_dmvschool
[ citizen-server-impl] Started resource esx_dmvschool
[    c-scripting-core] Creating script environments for esx_drugs
[ citizen-server-impl] Started resource esx_drugs
[    c-scripting-core] Creating script environments for esx_garage
[ citizen-server-impl] Started resource esx_garage
[    c-scripting-core] Creating script environments for esx_holdup
[ citizen-server-impl] Started resource esx_holdup
[    c-scripting-core] Creating script environments for esx_joblisting
[ citizen-server-impl] Started resource esx_joblisting
[    c-scripting-core] Creating script environments for esx_jobs
[ citizen-server-impl] Started resource esx_jobs
[    c-scripting-core] Creating script environments for esx_lscustom
[ citizen-server-impl] Started resource esx_lscustom
[    c-scripting-core] Creating script environments for esx_society
[ citizen-server-impl] Started resource esx_society
[    c-scripting-core] Creating script environments for esx_mechanicjob
[      script:gcphone] = INFO = Registered number for mechanic => Mechanic Customer
[ citizen-server-impl] Started resource esx_mechanicjob
[    c-scripting-core] Creating script environments for esx_optionalneeds
[ citizen-server-impl] Started resource esx_optionalneeds
[    c-scripting-core] Creating script environments for esx_policejob
[      script:gcphone] = INFO = Registered number for police => Police alert
[ citizen-server-impl] Started resource esx_policejob
[    c-scripting-core] Creating script environments for instance
[ citizen-server-impl] Started resource instance
[    c-scripting-core] Creating script environments for esx_property
[ citizen-server-impl] Started resource esx_property
[    c-scripting-core] Creating script environments for esx_realestateagentjob
[      script:gcphone] = INFO = Registered number for realestateagent => Clients
[ citizen-server-impl] Started resource esx_realestateagentjob
[    c-scripting-core] [97mCreating script environments for esx_rpchat
[ citizen-server-impl] Started resource esx_rpchat
[    c-scripting-core] Creating script environments for esx_service
[ citizen-server-impl] Started resource esx_service
[    c-scripting-core] Creating script environments for esx_shops
[ citizen-server-impl] Started resource esx_shops
[    c-scripting-core] Creating script environments for esx_sit
[ citizen-server-impl] Started resource esx_sit
[    c-scripting-core] Creating script environments for esx_taxijob
[      script:gcphone] = INFO = Registered number for taxi => Taxi Client
[ citizen-server-impl] Started resource esx_taxijob
[    c-scripting-core] Creating script environments for esx_weaponshop
[ citizen-server-impl] Started resource esx_weaponshop
[    c-scripting-core] [0mCreating script environments for anims
[ citizen-server-impl] Started resource anims
[ citizen-server-impl] Started resource cosmo_hud
[    c-scripting-core] Creating script environments for j-fps
[ citizen-server-impl] Started resource j-fps
[    c-scripting-core] Creating script environments for shotspotter
[ citizen-server-impl] Started resource shotspotter
[    c-scripting-core] Creating script environments for mdt
[ citizen-server-impl] Started resource mdt
[    c-scripting-core] Creating script environments for pma-voice
[ citizen-server-impl] Started resource pma-voice
[ citizen-server-impl] Started resource rp-radio
[    c-scripting-core] Creating script environments for vSync
[ citizen-server-impl] Started resource vSync
[    c-scripting-core] Creating script environments for EasyAdmin
[ citizen-server-impl] Started resource EasyAdmin
[  script:mysql-async] [mysql-async] [SUCCESS] Database server connection established.
[        script:anims] Anims are updated!
[      script:monitor] [txAdminClient] Threads and commands set up. All Ready.
[  script:mysql-async] [mysql-async] [INFO] [es_extended] Stored [0] : UPDATE users SET `accounts` = ?, `job` = ?, `job_grade` = ?, `group` = ?, `position` = ?, `inventory` = ?, `loadout` = ? WHERE `identifier` = ?
[  script:mysql-async] [mysql-async] [INFO] [es_extended] Stored [1] : INSERT INTO `users` SET `accounts` = ?, `identifier` = ?, `group` = ?
[  script:mysql-async] [mysql-async] [INFO] [es_extended] Stored [2] : SELECT `accounts`, `job`, `job_grade`, `group`, `position`, `inventory`, `skin`, `loadout`, `firstname`, `lastname`, `dateofbirth`, `sex`, `height` FROM `users` WHERE identifier = ?
[    script:EasyAdmin] 
[    script:EasyAdmin]  _______ _______ _______ __   __ _______ ______  _______ _____ __   _
[    script:EasyAdmin]  |______ |_____| |______   \_/   |_____| |     \ |  |  |   |   | \  |
[    script:EasyAdmin]  |______ |     | ______|    |    |     | |_____/ |  |  | __|__ |  \_|
[    script:EasyAdmin]                            Version 6.202
[ citizen-server-impl] server thread hitch warning: timer interval of 569 milliseconds
[  script:mysql-async] [MariaDB:10.6.5-MariaDB] [WARNING] [es_extended] [565ms] SELECT * FROM items : []
[  script:mysql-async] [33m[MariaDB:10.6.5-MariaDB] [WARNING] [esx_joblisting] [563ms] SELECT name, label FROM jobs WHERE whitelisted = ? : [false]
[  script:mysql-async] [MariaDB:10.6.5-MariaDB] [WARNING] [esx_weaponshop] [562ms] SELECT * FROM weashops : []
[  script:mysql-async] [MariaDB:10.6.5-MariaDB] [WARNING] [es_extended] [570ms] SELECT * FROM jobs : []
[  script:mysql-async] [MariaDB:10.6.5-MariaDB] [WARNING] [esx_datastore] [568ms] SELECT * FROM datastore : []
[  script:mysql-async] [MariaDB:10.6.5-MariaDB] [WARNING] [esx_addonaccount] [568ms] SELECT * FROM addon_account : []
[  script:mysql-async] [MariaDB:10.6.5-MariaDB] [WARNING] [esx_addoninventory] [568ms] SELECT * FROM items : []
[  script:mysql-async] [MariaDB:10.6.5-MariaDB] [WARNING] [esx_vehicleshop] [567ms] SELECT * FROM `vehicle_categories` : []
[  script:mysql-async] [MariaDB:10.6.5-MariaDB] [WARNING] [esx_boat] [567ms] UPDATE owned_vehicles SET `stored` = true WHERE `stored` = false AND type = ? : ["boat"]
[  script:mysql-async] [MariaDB:10.6.5-MariaDB] [WARNING] [esx_society] [566ms] SELECT * FROM jobs : []
[    script:EasyAdmin] 
[    script:EasyAdmin] --------------------------------------------------------------------------
[    script:EasyAdmin] 
[    script:EasyAdmin] EasyAdmin (EasyAdmin) is outdated.
[    script:EasyAdmin] Newest Version: 6.34
[    script:EasyAdmin] Your Version: 6.202
[    script:EasyAdmin] Please update it from https://github.com/Blumlaut/EasyAdmin
[    script:EasyAdmin] 
[    script:EasyAdmin] Update Changelog:
[    script:EasyAdmin] Your Version is unsupported and may no longer function properly in the near future, please update as soon as possible.
[    script:EasyAdmin] 
[    script:EasyAdmin] --------------------------------------------------------------------------
[  script:es_extended] [0m[INFO] ESX Legacy initialized
[ citizen-server-impl]         fff                          
[ citizen-server-impl]   cccc ff   xx  xx     rr rr    eee  
[ citizen-server-impl] cc     ffff   xx       rrr  r ee   e 
[ citizen-server-impl] cc     ff     xx   ... rr     eeeee  
[ citizen-server-impl]  ccccc ff   xx  xx ... rr      eeeee 
[ citizen-server-impl]                                      
[38;5;73m[ citizen-server-impl] Authenticated with cfx.re Nucleus: https://isalexhere-y9o45k.users.cfx.re/
[ citizen-server-impl] -- [server notice: tebex_not_set]
[ citizen-server-impl] ================
[ citizen-server-impl] Monetize your server using Tebex! Visit https://tebex.io/fivem for more info.
[ citizen-server-impl] ================
[ citizen-server-impl] 
[      script:hardcap] Connecting: iSAlexHere
[ citizen-server-impl] [91mServer list query returned an error: System.Threading.Tasks.TaskCanceledException: The operation was canceled. <- System.TimeoutException: The operation was canceled. <- System.Threading.Tasks.TaskCanceledException: The request was canceled due to the configured HttpClient.Timeout of 30 seconds elapsing.
[  script:es_extended] [INFO]  Player 1 Has been granted admin permissions via Ace Perms.
[  script:es_extended] [INFO] Player [36m"iSAlexHere" has connected to the server. ID: 1
[ script:esx_identity] Un jugador se ha registrado ( No exploit detectado )	table: 000001D711875470	table: 000001D711875CF0
[ citizen-server-impl] Stopping resource chat
[    c-scripting-core] Creating script environments for chat
[         script:chat] [CHAT] INFO Started
[ citizen-server-impl] Started resource chat
[ citizen-server-impl] server thread hitch warning: timer interval of 287 milliseconds
[ citizen-server-impl] Scanning resources.
[ citizen-server-impl] Found 0 new resources, and refreshed 1/86 resources.
[ citizen-server-impl] Stopping resource chat
[    c-scripting-core] Creating script environments for chat
[         script:chat] [CHAT] INFO Started
[ citizen-server-impl] Started resource chat
[         script:chat] iSAlexHere: test
[ citizen-server-impl] Server list query returned an error: System.Threading.Tasks.TaskCanceledException: The operation was canceled. <- System.TimeoutException: The operation was canceled. <- System.Threading.Tasks.TaskCanceledException: The request was canceled due to the configured HttpClient.Timeout of 30 seconds elapsing.
[ citizen-server-impl] server thread hitch warning: timer interval of 160 milliseconds
[ citizen-server-impl] server thread hitch warning: timer interval of 154 milliseconds
[ citizen-server-impl] Stopping resource esx_jobs
[ citizen-server-impl] Stopping resource esx_accessories
[ citizen-server-impl] Stopping resource esx_ambulancejob
[ citizen-server-impl] Stopping resource esx_barbershop
[ citizen-server-impl] Stopping resource esx_clotheshop
[ citizen-server-impl] Stopping resource esx_skin
[ citizen-server-impl] Stopping resource skinchanger
[ citizen-server-impl] Started resource skinchanger
[  script:es_extended] [INFO] Saved player "Alex Meison"
> quit "Reiniciando Servidor (iSAlexHere)."
[ citizen-server-main] -> Quitting: Reiniciando Servidor (iSAlexHere).

================================================================
======== FXServer Starting - 22/12/2021 1:46:20                 
================================================================
[    c-scripting-core] Creating script environments for _cfx_internal
[ citizen-server-impl] Scanning resources.
[ citizen-server-impl] Found 86 resources.
[          svadhesive] Authenticating server license key...
[          svadhesive] Server license key authentication succeeded. Welcome!
[    c-scripting-core] Creating script environments for sessionmanager
[ citizen-server-impl] Started resource sessionmanager
[    c-scripting-core] Creating script environments for monitor
[      script:monitor] [txAdminClient] Version 4.11.0 starting...
[ citizen-server-impl] Started resource monitor
[              cmdsys] No such command ,-.----..
[              cmdsys] No such command \.
[              cmdsys] No such command :.
[              cmdsys] No such command '..
[              cmdsys] No such command |.
[              cmdsys] No such command |.
[              cmdsys] No such command |.
[              cmdsys] No such command ..
[              cmdsys] No such command _.
[              cmdsys] No such command _.
[              cmdsys] No such command |.
[              cmdsys] No such command |.
[              cmdsys] No such command ..
[              cmdsys] No such command /|.
[              cmdsys] No such command |.
[              cmdsys] No such command /.
[              cmdsys] No such command |.
[              cmdsys] No such command |.
[              cmdsys] No such command \.
[              cmdsys] No such command ||.
[              cmdsys] No such command /|.
[              cmdsys] No such command :.
[              cmdsys] No such command |.
[              cmdsys] No such command :.
[              cmdsys] No such command |.
[              cmdsys] No such command `---'.
[    c-scripting-core] Creating script environments for mapmanager
[ citizen-server-impl] Started resource mapmanager
[    c-scripting-core] Creating script environments for chat
[         script:chat] [CHAT] INFO Started
[ citizen-server-impl] Started resource chat
[ citizen-server-impl] Started resource spawnmanager
[    c-scripting-core] Creating script environments for hardcap
[ citizen-server-impl] Started resource hardcap
[    c-scripting-core] Creating script environments for mysql-async
[ citizen-server-impl] Started resource mysql-async
[ citizen-server-impl] Started resource bob74_ipl
[ citizen-server-impl] Started resource loadingscreen
[ citizen-server-impl] Started resource simpledrift
[    c-scripting-core] Creating script environments for async
[ citizen-server-impl] Started resource async
[    c-scripting-core] Creating script environments for es_extended
[ citizen-server-impl] Started resource es_extended
[    c-scripting-core] Creating script environments for gcphone
[ citizen-server-impl] Started resource gcphone
[    c-scripting-core] Creating script environments for cron
[ citizen-server-impl] Started resource cron
[    c-scripting-core] Creating script environments for esx_identity
[ citizen-server-impl] Started resource esx_identity
[ citizen-server-impl] Started resource esx_menu_default
[ citizen-server-impl] Started resource esx_menu_dialog
[ citizen-server-impl] Started resource esx_menu_list
[ citizen-server-impl] Started resource skinchanger
[    c-scripting-core] Creating script environments for esx_skin
[ citizen-server-impl] Started resource esx_skin
[    c-scripting-core] Creating script environments for esx_datastore
[ citizen-server-impl] Started resource esx_datastore
[    c-scripting-core] Creating script environments for esx_accessories
[ citizen-server-impl] Started resource esx_accessories
[    c-scripting-core] Creating script environments for esx_addonaccount
[ citizen-server-impl] Started resource esx_addonaccount
[    c-scripting-core] Creating script environments for esx_addoninventory
[ citizen-server-impl] Started resource esx_addoninventory
[    c-scripting-core] Creating script environments for esx_vehicleshop
[      script:gcphone] = INFO = Registered number for cardealer => Dealer customers
[ citizen-server-impl] Started resource esx_vehicleshop
[    c-scripting-core] Creating script environments for esx_ambulancejob
[      script:gcphone] = INFO = Registered number for ambulance => Alert Ambulance
[ citizen-server-impl] Started resource esx_ambulancejob
[    c-scripting-core] Creating script environments for esx_atm
[ citizen-server-impl] Started resource esx_atm
[    c-scripting-core] Creating script environments for esx_bankerjob
[      script:gcphone] = INFO = Registered number for banker => bank Customer
[ citizen-server-impl] Started resource esx_bankerjob
[    c-scripting-core] Creating script environments for esx_barbershop
[ citizen-server-impl] Started resource esx_barbershop
[    c-scripting-core] Creating script environments for esx_status
[ citizen-server-impl] Started resource esx_status
[    c-scripting-core] Creating script environments for esx_basicneeds
[ citizen-server-impl] Started resource esx_basicneeds
[    c-scripting-core] Creating script environments for esx_billing
[ citizen-server-impl] Started resource esx_billing
[    c-scripting-core] Creating script environments for esx_boat
[ citizen-server-impl] Started resource esx_boat
[    c-scripting-core] Creating script environments for esx_clotheshop
[ citizen-server-impl] Started resource esx_clotheshop
[ citizen-server-impl] Started resource esx_cruisecontrol
[    c-scripting-core] Creating script environments for esx_license
[ citizen-server-impl] Started resource esx_license
[    c-scripting-core] Creating script environments for esx_dmvschool
[ citizen-server-impl] Started resource esx_dmvschool
[    c-scripting-core] Creating script environments for esx_drugs
[ citizen-server-impl] Started resource esx_drugs
[    c-scripting-core] Creating script environments for esx_garage
[ citizen-server-impl] Started resource esx_garage
[    c-scripting-core] Creating script environments for esx_holdup
[ citizen-server-impl] Started resource esx_holdup
[    c-scripting-core] Creating script environments for esx_joblisting
[ citizen-server-impl] Started resource esx_joblisting
[    c-scripting-core] Creating script environments for esx_jobs
[ citizen-server-impl] Started resource esx_jobs
[    c-scripting-core] [97mCreating script environments for esx_lscustom
[ citizen-server-impl] Started resource esx_lscustom
[    c-scripting-core] Creating script environments for esx_society
[ citizen-server-impl] Started resource esx_society
[    c-scripting-core] Creating script environments for esx_mechanicjob
[      script:gcphone] = INFO = Registered number for mechanic => Mechanic Customer
[ citizen-server-impl] Started resource esx_mechanicjob
[    c-scripting-core] Creating script environments for esx_optionalneeds
[ citizen-server-impl] Started resource esx_optionalneeds
[    c-scripting-core] Creating script environments for esx_policejob
[      script:gcphone] = INFO = Registered number for police => Police alert
[ citizen-server-impl] Started resource esx_policejob
[    c-scripting-core] Creating script environments for instance
[ citizen-server-impl] Started resource instance
[    c-scripting-core] Creating script environments for esx_property
[ citizen-server-impl] Started resource esx_property
[    c-scripting-core] Creating script environments for esx_realestateagentjob
[      script:gcphone] = INFO = Registered number for realestateagent => Clients
[ citizen-server-impl] Started resource esx_realestateagentjob
[    c-scripting-core] Creating script environments for esx_rpchat
[ citizen-server-impl] Started resource esx_rpchat
[    c-scripting-core] Creating script environments for esx_service
[ citizen-server-impl] Started resource esx_service
[    c-scripting-core] Creating script environments for esx_shops
[ citizen-server-impl] Started resource esx_shops
[    c-scripting-core] Creating script environments for esx_sit
[ citizen-server-impl] Started resource esx_sit
[    c-scripting-core] Creating script environments for esx_taxijob
[      script:gcphone] = INFO = Registered number for taxi => Taxi Client
[ citizen-server-impl] Started resource esx_taxijob
[    c-scripting-core] Creating script environments for esx_weaponshop
[ citizen-server-impl] Started resource esx_weaponshop
[    c-scripting-core] Creating script environments for anims
[ citizen-server-impl] Started resource anims
[ citizen-server-impl] Started resource cosmo_hud
[    c-scripting-core] Creating script environments for j-fps
[ citizen-server-impl] Started resource j-fps
[    c-scripting-core] Creating script environments for shotspotter
[ citizen-server-impl] Started resource shotspotter
[    c-scripting-core] Creating script environments for mdt
[ citizen-server-impl] Started resource mdt
[    c-scripting-core] Creating script environments for pma-voice
[ citizen-server-impl] Started resource pma-voice
[ citizen-server-impl] Started resource rp-radio
[    c-scripting-core] Creating script environments for vSync
[ citizen-server-impl] Started resource vSync
[    c-scripting-core] Creating script environments for EasyAdmin
[ citizen-server-impl] Started resource EasyAdmin
[  script:mysql-async] [mysql-async] [SUCCESS] Database server connection established.
[        script:anims] Anims are updated!
[      script:monitor] [txAdminClient] Threads and commands set up. All Ready.
[  script:mysql-async] [mysql-async] [INFO] [es_extended] Stored [0] : UPDATE users SET `accounts` = ?, `job` = ?, `job_grade` = ?, `group` = ?, `position` = ?, `inventory` = ?, `loadout` = ? WHERE `identifier` = ?
[  script:mysql-async] [mysql-async] [INFO] [es_extended] Stored [1] : INSERT INTO `users` SET `accounts` = ?, `identifier` = ?, `group` = ?
[  script:mysql-async] [mysql-async] [INFO] [es_extended] Stored [2] : SELECT `accounts`, `job`, `job_grade`, `group`, `position`, `inventory`, `skin`, `loadout`, `firstname`, `lastname`, `dateofbirth`, `sex`, `height` FROM `users` WHERE identifier = ?
[    script:EasyAdmin] 
[    script:EasyAdmin]  _______ _______ _______ __   __ _______ ______  _______ _____ __   _
[    script:EasyAdmin]  |______ |_____| |______   \_/   |_____| |     \ |  |  |   |   | \  |
[    script:EasyAdmin]  |______ |     | ______|    |    |     | |_____/ |  |  | __|__ |  \_|
[    script:EasyAdmin]                            Version 6.202
[ citizen-server-impl] server thread hitch warning: timer interval of 601 milliseconds
[  script:mysql-async] [MariaDB:10.6.5-MariaDB] [WARNING] [es_extended] [597ms] SELECT * FROM items : []
[  script:mysql-async] [MariaDB:10.6.5-MariaDB] [WARNING] [esx_society] [595ms] SELECT * FROM jobs : []
[  script:mysql-async] [MariaDB:10.6.5-MariaDB] [WARNING] [esx_weaponshop] [595ms] SELECT * FROM weashops : []
[  script:mysql-async] [MariaDB:10.6.5-MariaDB] [WARNING] [es_extended] [602ms] SELECT * FROM jobs : []
[  script:mysql-async] [MariaDB:10.6.5-MariaDB] [WARNING] [esx_datastore] [601ms] SELECT * FROM datastore : []
[  script:mysql-async] [MariaDB:10.6.5-MariaDB] [WARNING] [esx_addonaccount] [600ms] SELECT * FROM addon_account : []
[  script:mysql-async] [MariaDB:10.6.5-MariaDB] [WARNING] [esx_addoninventory] [600ms] SELECT * FROM items : []
[  script:mysql-async] [MariaDB:10.6.5-MariaDB] [WARNING] [esx_vehicleshop] [600ms] SELECT * FROM `vehicle_categories` : []
[  script:mysql-async] [MariaDB:10.6.5-MariaDB] [WARNING] [esx_boat] [599ms] UPDATE owned_vehicles SET `stored` = true WHERE `stored` = false AND type = ? : ["boat"]
[  script:mysql-async] [MariaDB:10.6.5-MariaDB] [WARNING] [esx_joblisting] [599ms] SELECT name, label FROM jobs WHERE whitelisted = ? : [false]
[    script:EasyAdmin] 
[    script:EasyAdmin] --------------------------------------------------------------------------
[    script:EasyAdmin] 
[    script:EasyAdmin] EasyAdmin (EasyAdmin) is outdated.
[    script:EasyAdmin] Newest Version: 6.34
[    script:EasyAdmin] Your Version: 6.202
[    script:EasyAdmin] Please update it from https://github.com/Blumlaut/EasyAdmin
[    script:EasyAdmin] 
[    script:EasyAdmin] Update Changelog:
[    script:EasyAdmin] Your Version is unsupported and may no longer function properly in the near future, please update as soon as possible.
[    script:EasyAdmin] 
[    script:EasyAdmin] --------------------------------------------------------------------------
[  script:es_extended] [INFO] ESX Legacy initialized
[ citizen-server-impl]         fff                          
[ citizen-server-impl]   cccc ff   xx  xx     rr rr    eee  
[ citizen-server-impl] cc     ffff   xx       rrr  r ee   e 
[ citizen-server-impl] cc     ff     xx   ... rr     eeeee  
[ citizen-server-impl]  ccccc ff   xx  xx ... rr      eeeee 
[ citizen-server-impl]                                      
[ citizen-server-impl] Authenticated with cfx.re Nucleus: https://isalexhere-y9o45k.users.cfx.re/
[ citizen-server-impl] -- [server notice: tebex_not_set]
[ citizen-server-impl] ================
[ citizen-server-impl] Monetize your server using Tebex! Visit https://tebex.io/fivem for more info.
[ citizen-server-impl] ================
[ citizen-server-impl] 
[      script:hardcap] Connecting: iSAlexHere
[ citizen-server-impl] Server list query returned an error: System.Threading.Tasks.TaskCanceledException: The operation was canceled. <- System.TimeoutException: The operation was canceled. <- System.Threading.Tasks.TaskCanceledException: The request was canceled due to the configured HttpClient.Timeout of 30 seconds elapsing.
[  script:es_extended] [INFO] Player "Alex Meison" has connected to the server. ID: 1
[38;5;73m[ citizen-server-impl] Server list query returned an error: System.Threading.Tasks.TaskCanceledException: The operation was canceled. <- System.TimeoutException: The operation was canceled. <- System.Threading.Tasks.TaskCanceledException: The request was canceled due to the configured HttpClient.Timeout of 30 seconds elapsing.
[  script:es_extended] [INFO] Saved player "Alex Meison"
[ citizen-server-impl] Server list query returned an error: System.Threading.Tasks.TaskCanceledException: The operation was canceled. <- System.TimeoutException: The operation was canceled. <- System.Threading.Tasks.TaskCanceledException: The request was canceled due to the configured HttpClient.Timeout of 30 seconds elapsing.
